<?xml version="1.0" encoding="UTF-8"?>
<testng-results ignored="0" total="1" passed="1" failed="0" skipped="0">
  <reporter-output>
  </reporter-output>
  <suite started-at="2021-01-12T21:13:16 IST" name="Default suite" finished-at="2021-01-12T21:19:42 IST" duration-ms="385509">
    <groups>
      <group name="cucumber">
        <method signature="AbstractTestNGCucumberTests.feature(cucumber.api.testng.CucumberFeatureWrapper)[pri:0, instance:Test.TestRunner@6cf0e0ba]" name="feature" class="cucumber.api.testng.AbstractTestNGCucumberTests"/>
      </group> <!-- cucumber -->
    </groups>
    <test started-at="2021-01-12T21:13:16 IST" name="Default test" finished-at="2021-01-12T21:19:42 IST" duration-ms="385509">
      <class name="Test.TestRunner">
        <test-method is-config="true" signature="setUpClass()[pri:0, instance:Test.TestRunner@6cf0e0ba]" started-at="2021-01-12T21:13:16 IST" name="setUpClass" finished-at="2021-01-12T21:13:17 IST" duration-ms="236" status="PASS">
          <reporter-output>
          </reporter-output>
        </test-method> <!-- setUpClass -->
        <test-method signature="feature(cucumber.api.testng.CucumberFeatureWrapper)[pri:0, instance:Test.TestRunner@6cf0e0ba]" started-at="2021-01-12T21:13:17 IST" name="feature" description="Runs Cucumber Feature" data-provider="features" finished-at="2021-01-12T21:19:42 IST" duration-ms="384836" status="PASS">
          <params>
            <param index="0">
              <value>
                <![CDATA[SignUp Universal Class Website]]>
              </value>
            </param>
          </params>
          <reporter-output>
          </reporter-output>
        </test-method> <!-- feature -->
        <test-method is-config="true" signature="tearDownClass()[pri:0, instance:Test.TestRunner@6cf0e0ba]" started-at="2021-01-12T21:19:42 IST" name="tearDownClass" finished-at="2021-01-12T21:19:42 IST" duration-ms="273" status="PASS">
          <reporter-output>
          </reporter-output>
        </test-method> <!-- tearDownClass -->
      </class> <!-- Test.TestRunner -->
    </test> <!-- Default test -->
  </suite> <!-- Default suite -->
</testng-results>
